<?xml version="1.0" encoding="UTF-8"?>
<!-- Generated by org.testng.reporters.JUnitReportReporter -->
<testsuite hostname="osama" failures="0" tests="6" name="almosaferproject.testcases" time="0.734" errors="0" timestamp="2024-11-17T00:59:55 AST" skipped="0">
  <testcase classname="almosaferproject.testcases" name="EnglishLanguageIsDefult" time="0.073"/>
  <system-out/>
  <testcase classname="almosaferproject.testcases" name="SARCurrencyIsDefult" time="0.046"/>
  <system-out/>
  <testcase classname="almosaferproject.testcases" name="CheckTheContactNumbers" time="0.041"/>
  <system-out/>
  <testcase classname="almosaferproject.testcases" name="checkHotelTabIsNotSelected" time="0.071"/>
  <system-out/>
  <testcase classname="almosaferproject.testcases" name="CheckDepatureDate" time="0.454"/>
  <system-out/>
  <testcase classname="almosaferproject.testcases" name="CheckReturneDate" time="0.049"/>
  <system-out/>
</testsuite> <!-- almosaferproject.testcases -->
